<?xml version="1.0" encoding="UTF-8"?>
<testng-results skipped="0" failed="0" ignored="0" total="1" passed="1">
  <reporter-output>
  </reporter-output>
  <suite name="Default suite" duration-ms="47" started-at="2017-02-09T08:58:43Z" finished-at="2017-02-09T08:58:43Z">
    <groups>
    </groups>
    <test name="Default test" duration-ms="47" started-at="2017-02-09T08:58:43Z" finished-at="2017-02-09T08:58:43Z">
      <class name="com.codebind.Shephire">
        <test-method status="PASS" signature="fire()[pri:0, instance:com.codebind.Shephire@2f8f11]" name="fire" duration-ms="16" started-at="2017-02-09T14:28:43Z" finished-at="2017-02-09T14:28:43Z">
          <reporter-output>
          </reporter-output>
        </test-method> <!-- fire -->
      </class> <!-- com.codebind.Shephire -->
    </test> <!-- Default test -->
  </suite> <!-- Default suite -->
</testng-results>
